[2024-04-03 00:01:46] INFO root fetch - main [MainThread]: Get Changelog since Serial: [22592294]
[2024-04-03 00:01:50] INFO root fetch - main [MainThread]: Found 4 changed packages
[2024-04-03 00:01:50] INFO root fetch - processPackages [ThreadPoolExecutor-0_0]: Start processing: qaml
[2024-04-03 00:01:50] INFO root fetch - processPackages [ThreadPoolExecutor-0_1]: Start processing: uv
[2024-04-03 00:01:50] INFO root fetch - processPackages [ThreadPoolExecutor-0_2]: Start processing: fastapi-requests-limit
[2024-04-03 00:01:50] INFO root fetch - processPackages [ThreadPoolExecutor-0_3]: Start processing: ftmscan-sdk
[2024-04-03 00:01:50] INFO root fetch - processPackages [qaml]: New version: [0.0.2] Old Version: [0.0.1]
[2024-04-03 00:01:50] INFO root fetch - processPackages [fastapi-requests-limit]: New version: [0.1.3] Old Version: [0.1.2]
[2024-04-03 00:01:50] INFO root fetch - processPackages [uv]: New version: [0.1.9] Old Version: [0.1.8]
[2024-04-03 00:01:50] INFO root fetch - processPackages [fastapi-requests-limit]: Downloading https://files.pythonhosted.org/packages/dc/40/fa9da58d9ff4491bed1fa2ef8c5cad68fa0cd6e65f66df4bedf083b07d55/fastapi-requests-limit-0.1.2.tar.gz
[2024-04-03 00:01:50] WARNING root fetch - processPackages [ftmscan-sdk]: Skipping, unable to determine old version
[2024-04-03 00:01:50] INFO root fetch - main [MainThread]: End processing [ftmscan-sdk] error
[2024-04-03 00:01:51] INFO root fetch - processPackages [qaml]: Downloading https://files.pythonhosted.org/packages/76/6d/5bdd742f730bb35d8e0a92c7a65edfa6f16704f4dae275ae725457eb9578/qaml-0.0.1.tar.gz
[2024-04-03 00:01:51] WARNING root fetch - processPackages [fastapi-requests-limit]: Timeout reached during download
[2024-04-03 00:01:51] INFO root fetch - processPackages [uv]: Downloading https://files.pythonhosted.org/packages/a0/e6/3098c0e5986919287a41a4a1134b67f94b93da18b3c007875932e6844d8e/uv-0.1.8.tar.gz
[2024-04-03 00:01:51] WARNING root fetch - processPackages [qaml]: Timeout reached during download
[2024-04-03 00:01:51] INFO root fetch - processPackages [fastapi-requests-limit]: Downloading https://files.pythonhosted.org/packages/ec/d7/cdf35dcdf6141072f91ad886e0c8e8309b8789d3899616cb7be8c1125544/fastapi-requests-limit-0.1.3.tar.gz
[2024-04-03 00:01:51] INFO root fetch - processPackages [qaml]: Downloading https://files.pythonhosted.org/packages/14/8f/af09a4736614c02e7335ad0010beef61e5e38f3baff325816db7d52eaa26/qaml-0.0.2.tar.gz
[2024-04-03 00:01:51] WARNING root fetch - processPackages [fastapi-requests-limit]: Timeout reached during download
[2024-04-03 00:01:51] INFO root fetch - processPackages [fastapi-requests-limit]: executing diffoscope
[2024-04-03 00:01:51] INFO root fetch - processPackages [fastapi-requests-limit]: podman run --user 0:0 --rm -w /home/abi/fetcher -v /home/abi/fetcher/tmp:/home/abi/fetcher/tmp:ro -v /home/abi/fetcher/20240403:/home/abi/fetcher/20240403:rw registry.salsa.debian.org/reproducible-builds/diffoscope --no-progress tmp/fastapi-requests-limit-0.1.2.tar.gz tmp/fastapi-requests-limit-0.1.3.tar.gz --markdown 20240403/f/fastapi-requests-limit/0.1.2-0.1.3/diff.md --exclude *.pyd
[2024-04-03 00:01:51] WARNING root fetch - processPackages [qaml]: Timeout reached during download
[2024-04-03 00:01:51] INFO root fetch - processPackages [qaml]: executing diffoscope
[2024-04-03 00:01:51] INFO root fetch - processPackages [qaml]: podman run --user 0:0 --rm -w /home/abi/fetcher -v /home/abi/fetcher/tmp:/home/abi/fetcher/tmp:ro -v /home/abi/fetcher/20240403:/home/abi/fetcher/20240403:rw registry.salsa.debian.org/reproducible-builds/diffoscope --no-progress tmp/qaml-0.0.1.tar.gz tmp/qaml-0.0.2.tar.gz --markdown 20240403/q/qaml/0.0.1-0.0.2/diff.md --exclude *.pyd
[2024-04-03 00:01:51] INFO root fetch - processPackages [fastapi-requests-limit]: Remove: archive file [/home/abi/fetcher/tmp/fastapi-requests-limit-0.1.2.tar.gz]
[2024-04-03 00:01:51] INFO root fetch - processPackages [fastapi-requests-limit]: Remove: archive file [/home/abi/fetcher/tmp/fastapi-requests-limit-0.1.3.tar.gz]
[2024-04-03 00:01:51] INFO root fetch - main [MainThread]: End processing [fastapi-requests-limit]: success
[2024-04-03 00:01:52] INFO root fetch - processPackages [qaml]: Remove: archive file [/home/abi/fetcher/tmp/qaml-0.0.1.tar.gz]
[2024-04-03 00:01:52] INFO root fetch - processPackages [qaml]: Remove: archive file [/home/abi/fetcher/tmp/qaml-0.0.2.tar.gz]
[2024-04-03 00:01:52] INFO root fetch - main [MainThread]: End processing [qaml]: success
[2024-04-03 00:01:53] WARNING root fetch - processPackages [uv]: Timeout reached during download
[2024-04-03 00:01:54] INFO root fetch - processPackages [uv]: Downloading https://files.pythonhosted.org/packages/d2/e8/e726e0b0cf2dac9c89f3871c8c19bd673273f3cf9711d91e4902ee67a0d0/uv-0.1.9.tar.gz
[2024-04-03 00:01:54] WARNING root fetch - processPackages [uv]: Timeout reached during download
[2024-04-03 00:01:54] INFO root fetch - processPackages [uv]: executing diffoscope
[2024-04-03 00:01:54] INFO root fetch - processPackages [uv]: podman run --user 0:0 --rm -w /home/abi/fetcher -v /home/abi/fetcher/tmp:/home/abi/fetcher/tmp:ro -v /home/abi/fetcher/20240403:/home/abi/fetcher/20240403:rw registry.salsa.debian.org/reproducible-builds/diffoscope --no-progress tmp/uv-0.1.8.tar.gz tmp/uv-0.1.9.tar.gz --markdown 20240403/u/uv/0.1.8-0.1.9/diff.md --exclude *.pyd
[2024-04-03 00:01:56] INFO root fetch - processPackages [uv]: Remove: archive file [/home/abi/fetcher/tmp/uv-0.1.8.tar.gz]
[2024-04-03 00:01:56] INFO root fetch - processPackages [uv]: Remove: archive file [/home/abi/fetcher/tmp/uv-0.1.9.tar.gz]
[2024-04-03 00:01:56] INFO root fetch - main [MainThread]: End processing [uv]: success
[2024-04-03 00:01:56] INFO root fetch - main [MainThread]: Store serial: [22592361]
[2024-04-03 00:04:00] INFO root fetch - main [MainThread]: Get Changelog since Serial: [22592361]
[2024-04-03 00:04:05] INFO root fetch - main [MainThread]: Found 5 changed packages
[2024-04-03 00:04:05] INFO root fetch - processPackages [ThreadPoolExecutor-0_0]: Start processing: aqlm
[2024-04-03 00:04:05] INFO root fetch - processPackages [ThreadPoolExecutor-0_1]: Start processing: pylance
[2024-04-03 00:04:05] INFO root fetch - processPackages [ThreadPoolExecutor-0_2]: Start processing: heaserver-folders-aws-s3
[2024-04-03 00:04:05] INFO root fetch - processPackages [ThreadPoolExecutor-0_3]: Start processing: adaMVP
[2024-04-03 00:04:05] INFO root fetch - processPackages [ThreadPoolExecutor-0_4]: Start processing: burr
[2024-04-03 00:04:05] INFO root fetch - processPackages [burr]: New version: [0.9.0] Old Version: [0.8.1]
[2024-04-03 00:04:05] WARNING root fetch - processPackages [adaMVP]: Skipping, unable to determine old version
[2024-04-03 00:04:05] INFO root fetch - main [MainThread]: End processing [adaMVP] error
[2024-04-03 00:04:05] INFO root fetch - processPackages [pylance]: New version: [0.9.9] Old Version: [0.9.8]
[2024-04-03 00:04:05] INFO root fetch - processPackages [burr]: Downloading https://files.pythonhosted.org/packages/87/83/f7356070de16e070dbc68373d02f5b3677c417c21359630b2007a8b027df/burr-0.8.1.tar.gz
[2024-04-03 00:04:05] INFO root fetch - processPackages [heaserver-folders-aws-s3]: New version: [1.1.0] Old Version: [1.0.9]
[2024-04-03 00:04:05] INFO root fetch - processPackages [aqlm]: New version: [1.1.4] Old Version: [1.1.3]
[2024-04-03 00:04:05] INFO root fetch - processPackages [pylance]: Downloading https://files.pythonhosted.org/packages/df/e7/efb74c945b018c4703636b6208241b70437285a0d8367da60323f5d78563/pylance-0.9.8-cp38-abi3-win_amd64.whl
[2024-04-03 00:04:05] WARNING root fetch - processPackages [pylance]: Skipping package: exceeds size limit 19067957>=10485760
[2024-04-03 00:04:05] INFO root fetch - main [MainThread]: End processing [pylance] error
[2024-04-03 00:04:05] INFO root fetch - processPackages [aqlm]: Downloading https://files.pythonhosted.org/packages/7f/fc/30cfc17c01a0325d1bf2afd3a649e3e13977f4956432957af3fdbdec9a39/aqlm-1.1.3.tar.gz
[2024-04-03 00:04:05] INFO root fetch - processPackages [heaserver-folders-aws-s3]: Downloading https://files.pythonhosted.org/packages/ac/27/5e649a39717946a69fadaa7db40765af5ad756e7839755666ec41ba50a3a/heaserver-folders-aws-s3-1.0.9.tar.gz
[2024-04-03 00:04:05] WARNING root fetch - processPackages [aqlm]: Timeout reached during download
[2024-04-03 00:04:05] WARNING root fetch - processPackages [heaserver-folders-aws-s3]: Timeout reached during download
[2024-04-03 00:04:05] WARNING root fetch - processPackages [burr]: Timeout reached during download
[2024-04-03 00:04:05] INFO root fetch - processPackages [aqlm]: Downloading https://files.pythonhosted.org/packages/76/4a/5e4198b3a20466a964c4d4460639aba15dedcd71f1d39d96881ad440ece1/aqlm-1.1.4.tar.gz
[2024-04-03 00:04:05] INFO root fetch - processPackages [burr]: Downloading https://files.pythonhosted.org/packages/65/38/00b44d54c37f35813232167f5745ca37eac9ad13574e81e1f4e685acf5d5/burr-0.9.0.tar.gz
[2024-04-03 00:04:05] INFO root fetch - processPackages [heaserver-folders-aws-s3]: Downloading https://files.pythonhosted.org/packages/51/8b/7d5a0b1d3023ad55ab43e535d735cb6c4d6f43806176ef245c7f296608cb/heaserver-folders-aws-s3-1.1.0.tar.gz
[2024-04-03 00:04:06] WARNING root fetch - processPackages [aqlm]: Timeout reached during download
[2024-04-03 00:04:06] INFO root fetch - processPackages [aqlm]: executing diffoscope
[2024-04-03 00:04:06] INFO root fetch - processPackages [aqlm]: podman run --user 0:0 --rm -w /home/abi/fetcher -v /home/abi/fetcher/tmp:/home/abi/fetcher/tmp:ro -v /home/abi/fetcher/20240403:/home/abi/fetcher/20240403:rw registry.salsa.debian.org/reproducible-builds/diffoscope --no-progress tmp/aqlm-1.1.3.tar.gz tmp/aqlm-1.1.4.tar.gz --markdown 20240403/a/aqlm/1.1.3-1.1.4/diff.md --exclude *.pyd
[2024-04-03 00:04:06] WARNING root fetch - processPackages [heaserver-folders-aws-s3]: Timeout reached during download
[2024-04-03 00:04:06] INFO root fetch - processPackages [heaserver-folders-aws-s3]: executing diffoscope
[2024-04-03 00:04:06] INFO root fetch - processPackages [heaserver-folders-aws-s3]: podman run --user 0:0 --rm -w /home/abi/fetcher -v /home/abi/fetcher/tmp:/home/abi/fetcher/tmp:ro -v /home/abi/fetcher/20240403:/home/abi/fetcher/20240403:rw registry.salsa.debian.org/reproducible-builds/diffoscope --no-progress tmp/heaserver-folders-aws-s3-1.0.9.tar.gz tmp/heaserver-folders-aws-s3-1.1.0.tar.gz --markdown 20240403/h/heaserver-folders-aws-s3/1.0.9-1.1.0/diff.md --exclude *.pyd
[2024-04-03 00:04:06] WARNING root fetch - processPackages [burr]: Timeout reached during download
[2024-04-03 00:04:06] INFO root fetch - processPackages [burr]: executing diffoscope
[2024-04-03 00:04:06] INFO root fetch - processPackages [burr]: podman run --user 0:0 --rm -w /home/abi/fetcher -v /home/abi/fetcher/tmp:/home/abi/fetcher/tmp:ro -v /home/abi/fetcher/20240403:/home/abi/fetcher/20240403:rw registry.salsa.debian.org/reproducible-builds/diffoscope --no-progress tmp/burr-0.8.1.tar.gz tmp/burr-0.9.0.tar.gz --markdown 20240403/b/burr/0.8.1-0.9.0/diff.md --exclude *.pyd
[2024-04-03 00:04:06] INFO root fetch - processPackages [aqlm]: Remove: archive file [/home/abi/fetcher/tmp/aqlm-1.1.3.tar.gz]
[2024-04-03 00:04:06] INFO root fetch - processPackages [aqlm]: Remove: archive file [/home/abi/fetcher/tmp/aqlm-1.1.4.tar.gz]
[2024-04-03 00:04:06] INFO root fetch - main [MainThread]: End processing [aqlm]: success
[2024-04-03 00:04:07] INFO root fetch - processPackages [heaserver-folders-aws-s3]: Remove: archive file [/home/abi/fetcher/tmp/heaserver-folders-aws-s3-1.0.9.tar.gz]
[2024-04-03 00:04:07] INFO root fetch - processPackages [heaserver-folders-aws-s3]: Remove: archive file [/home/abi/fetcher/tmp/heaserver-folders-aws-s3-1.1.0.tar.gz]
[2024-04-03 00:04:07] INFO root fetch - main [MainThread]: End processing [heaserver-folders-aws-s3]: success
[2024-04-03 00:04:42] INFO root fetch - processPackages [burr]: Remove: archive file [/home/abi/fetcher/tmp/burr-0.8.1.tar.gz]
[2024-04-03 00:04:42] INFO root fetch - processPackages [burr]: Remove: archive file [/home/abi/fetcher/tmp/burr-0.9.0.tar.gz]
[2024-04-03 00:04:42] INFO root fetch - main [MainThread]: End processing [burr]: success
[2024-04-03 00:04:42] INFO root fetch - main [MainThread]: Store serial: [22592375]
[2024-04-03 00:06:48] INFO root fetch - main [MainThread]: Get Changelog since Serial: [22592375]
[2024-04-03 00:06:53] INFO root fetch - main [MainThread]: Found 6 changed packages
[2024-04-03 00:06:53] INFO root fetch - processPackages [ThreadPoolExecutor-0_0]: Start processing: skymantle-boto-buddy
[2024-04-03 00:06:53] INFO root fetch - processPackages [ThreadPoolExecutor-0_1]: Start processing: neon-skill-spelling
[2024-04-03 00:06:53] INFO root fetch - processPackages [ThreadPoolExecutor-0_2]: Start processing: draupnir
[2024-04-03 00:06:53] INFO root fetch - processPackages [ThreadPoolExecutor-0_3]: Start processing: modlee
[2024-04-03 00:06:53] INFO root fetch - processPackages [ThreadPoolExecutor-0_4]: Start processing: querypanda
[2024-04-03 00:06:53] INFO root fetch - processPackages [ThreadPoolExecutor-0_5]: Start processing: quarkstudio
[2024-04-03 00:06:53] INFO root fetch - processPackages [modlee]: New version: [0.0.1.post8] Old Version: [0.0.1.post7]
[2024-04-03 00:06:53] INFO root fetch - processPackages [neon-skill-spelling]: New version: [1.0.1a2] Old Version: [1.0.1a1]
[2024-04-03 00:06:53] INFO root fetch - processPackages [modlee]: Downloading https://files.pythonhosted.org/packages/f2/26/07470489ced47d45be931ebe54a28385eb1e9f5e0c7649fb68aa3bf4e2cb/modlee-0.0.1.post7-py3-none-any.whl
[2024-04-03 00:06:53] INFO root fetch - processPackages [quarkstudio]: New version: [6.6.2.8] Old Version: [6.6.2.7]
[2024-04-03 00:06:53] WARNING root fetch - processPackages [querypanda]: Skipping, unable to determine old version
[2024-04-03 00:06:53] INFO root fetch - main [MainThread]: End processing [querypanda] error
[2024-04-03 00:06:53] INFO root fetch - processPackages [skymantle-boto-buddy]: New version: [0.3.0] Old Version: [0.2.0]
[2024-04-03 00:06:53] INFO root fetch - processPackages [draupnir]: New version: [0.0.29] Old Version: [0.0.28]
[2024-04-03 00:06:53] WARNING root fetch - processPackages [modlee]: Timeout reached during download
[2024-04-03 00:06:53] INFO root fetch - processPackages [neon-skill-spelling]: Downloading https://files.pythonhosted.org/packages/34/1d/5f8d4a82d99f38d13eee3ed95110fe7cbd40eea7b4b5d6aa7bafc5e01803/neon-skill-spelling-1.0.1a1.tar.gz
[2024-04-03 00:06:53] INFO root fetch - processPackages [draupnir]: Downloading https://files.pythonhosted.org/packages/ca/81/ad994c40bb018c494ea5e0fb50c37207494996bd9300ad6aafe7d09a83c8/draupnir-0.0.28.tar.gz
[2024-04-03 00:06:53] INFO root fetch - processPackages [skymantle-boto-buddy]: Downloading https://files.pythonhosted.org/packages/ae/99/b3b33c89fb2f0f30751eb47dde1d3097e23855cc2ffd9bf2c48fc8bc4859/skymantle_boto_buddy-0.2.0.tar.gz
[2024-04-03 00:06:53] INFO root fetch - processPackages [quarkstudio]: Downloading https://files.pythonhosted.org/packages/6e/38/d7b2f077d8a714025db2b50b7bbeb16c44e219ced8618334d8f81c67a378/quarkstudio-6.6.2.7-cp312-none-win_amd64.whl
[2024-04-03 00:06:53] WARNING root fetch - processPackages [neon-skill-spelling]: Timeout reached during download
[2024-04-03 00:06:53] INFO root fetch - processPackages [modlee]: Downloading https://files.pythonhosted.org/packages/7c/5f/d50d4f69ce8b12e82d91268e7a73b1337544a9dab6c46bdc649bcaa9a68d/modlee-0.0.1.post8-py3-none-any.whl
[2024-04-03 00:06:53] WARNING root fetch - processPackages [skymantle-boto-buddy]: Timeout reached during download
[2024-04-03 00:06:53] WARNING root fetch - processPackages [modlee]: Timeout reached during download
[2024-04-03 00:06:53] INFO root fetch - processPackages [modlee]: executing diffoscope
[2024-04-03 00:06:53] INFO root fetch - processPackages [modlee]: podman run --user 0:0 --rm -w /home/abi/fetcher -v /home/abi/fetcher/tmp:/home/abi/fetcher/tmp:ro -v /home/abi/fetcher/20240403:/home/abi/fetcher/20240403:rw registry.salsa.debian.org/reproducible-builds/diffoscope --no-progress tmp/modlee-0.0.1.post7-py3-none-any.whl.zip tmp/modlee-0.0.1.post8-py3-none-any.whl.zip --markdown 20240403/m/modlee/0.0.1.post7-0.0.1.post8/diff.md --exclude *.pyd
[2024-04-03 00:06:53] WARNING root fetch - processPackages [quarkstudio]: Timeout reached during download
[2024-04-03 00:06:53] INFO root fetch - processPackages [neon-skill-spelling]: Downloading https://files.pythonhosted.org/packages/6a/95/fb8c40c00cc7923f7ecede44ccd4feb14e9fc5a2bb6871111faba384166c/neon-skill-spelling-1.0.1a2.tar.gz
[2024-04-03 00:06:53] WARNING root fetch - processPackages [neon-skill-spelling]: Timeout reached during download
[2024-04-03 00:06:53] INFO root fetch - processPackages [neon-skill-spelling]: executing diffoscope
[2024-04-03 00:06:53] INFO root fetch - processPackages [neon-skill-spelling]: podman run --user 0:0 --rm -w /home/abi/fetcher -v /home/abi/fetcher/tmp:/home/abi/fetcher/tmp:ro -v /home/abi/fetcher/20240403:/home/abi/fetcher/20240403:rw registry.salsa.debian.org/reproducible-builds/diffoscope --no-progress tmp/neon-skill-spelling-1.0.1a1.tar.gz tmp/neon-skill-spelling-1.0.1a2.tar.gz --markdown 20240403/n/neon-skill-spelling/1.0.1a1-1.0.1a2/diff.md --exclude *.pyd
[2024-04-03 00:06:53] INFO root fetch - processPackages [quarkstudio]: Downloading https://files.pythonhosted.org/packages/0f/de/15870e7c5c752bcd5bc4502ea69a432bb02fcaaa4c7454a7ed8505dd859d/quarkstudio-6.6.2.8-cp312-none-win_amd64.whl
[2024-04-03 00:06:54] INFO root fetch - processPackages [skymantle-boto-buddy]: Downloading https://files.pythonhosted.org/packages/97/27/4ab24b2cd4a6412e8e00099059dbfced9bf062b2442cc0250643fb248030/skymantle_boto_buddy-0.3.0.tar.gz
[2024-04-03 00:06:54] WARNING root fetch - processPackages [skymantle-boto-buddy]: Timeout reached during download
[2024-04-03 00:06:54] INFO root fetch - processPackages [skymantle-boto-buddy]: executing diffoscope
[2024-04-03 00:06:54] INFO root fetch - processPackages [skymantle-boto-buddy]: podman run --user 0:0 --rm -w /home/abi/fetcher -v /home/abi/fetcher/tmp:/home/abi/fetcher/tmp:ro -v /home/abi/fetcher/20240403:/home/abi/fetcher/20240403:rw registry.salsa.debian.org/reproducible-builds/diffoscope --no-progress tmp/skymantle_boto_buddy-0.2.0.tar.gz tmp/skymantle_boto_buddy-0.3.0.tar.gz --markdown 20240403/s/skymantle-boto-buddy/0.2.0-0.3.0/diff.md --exclude *.pyd
[2024-04-03 00:06:54] WARNING root fetch - processPackages [quarkstudio]: Timeout reached during download
[2024-04-03 00:06:54] INFO root fetch - processPackages [quarkstudio]: executing diffoscope
[2024-04-03 00:06:54] INFO root fetch - processPackages [quarkstudio]: podman run --user 0:0 --rm -w /home/abi/fetcher -v /home/abi/fetcher/tmp:/home/abi/fetcher/tmp:ro -v /home/abi/fetcher/20240403:/home/abi/fetcher/20240403:rw registry.salsa.debian.org/reproducible-builds/diffoscope --no-progress tmp/quarkstudio-6.6.2.7-cp312-none-win_amd64.whl.zip tmp/quarkstudio-6.6.2.8-cp312-none-win_amd64.whl.zip --markdown 20240403/q/quarkstudio/6.6.2.7-6.6.2.8/diff.md --exclude *.pyd
[2024-04-03 00:06:54] INFO root fetch - processPackages [neon-skill-spelling]: Remove: archive file [/home/abi/fetcher/tmp/neon-skill-spelling-1.0.1a1.tar.gz]
[2024-04-03 00:06:54] INFO root fetch - processPackages [neon-skill-spelling]: Remove: archive file [/home/abi/fetcher/tmp/neon-skill-spelling-1.0.1a2.tar.gz]
[2024-04-03 00:06:54] INFO root fetch - main [MainThread]: End processing [neon-skill-spelling]: success
[2024-04-03 00:06:54] WARNING root fetch - processPackages [draupnir]: Timeout reached during download
[2024-04-03 00:06:54] INFO root fetch - processPackages [modlee]: Remove: archive file [/home/abi/fetcher/tmp/modlee-0.0.1.post7-py3-none-any.whl.zip]
[2024-04-03 00:06:54] INFO root fetch - processPackages [modlee]: Remove: archive file [/home/abi/fetcher/tmp/modlee-0.0.1.post8-py3-none-any.whl.zip]
[2024-04-03 00:06:54] INFO root fetch - main [MainThread]: End processing [modlee]: success
[2024-04-03 00:06:54] INFO root fetch - processPackages [draupnir]: Downloading https://files.pythonhosted.org/packages/d4/a3/70acb697834037e6041b9503e32817958ac5a2f5da8c7f70ea8183b74c60/draupnir-0.0.29.tar.gz
[2024-04-03 00:06:54] INFO root fetch - processPackages [skymantle-boto-buddy]: Remove: archive file [/home/abi/fetcher/tmp/skymantle_boto_buddy-0.2.0.tar.gz]
[2024-04-03 00:06:54] INFO root fetch - processPackages [skymantle-boto-buddy]: Remove: archive file [/home/abi/fetcher/tmp/skymantle_boto_buddy-0.3.0.tar.gz]
[2024-04-03 00:06:54] INFO root fetch - main [MainThread]: End processing [skymantle-boto-buddy]: success
[2024-04-03 00:06:54] INFO root fetch - processPackages [quarkstudio]: Remove: archive file [/home/abi/fetcher/tmp/quarkstudio-6.6.2.7-cp312-none-win_amd64.whl.zip]
[2024-04-03 00:06:54] INFO root fetch - processPackages [quarkstudio]: Remove: archive file [/home/abi/fetcher/tmp/quarkstudio-6.6.2.8-cp312-none-win_amd64.whl.zip]
[2024-04-03 00:06:54] INFO root fetch - main [MainThread]: End processing [quarkstudio]: success
[2024-04-03 00:06:55] WARNING root fetch - processPackages [draupnir]: Timeout reached during download
[2024-04-03 00:06:55] INFO root fetch - processPackages [draupnir]: executing diffoscope
[2024-04-03 00:06:55] INFO root fetch - processPackages [draupnir]: podman run --user 0:0 --rm -w /home/abi/fetcher -v /home/abi/fetcher/tmp:/home/abi/fetcher/tmp:ro -v /home/abi/fetcher/20240403:/home/abi/fetcher/20240403:rw registry.salsa.debian.org/reproducible-builds/diffoscope --no-progress tmp/draupnir-0.0.28.tar.gz tmp/draupnir-0.0.29.tar.gz --markdown 20240403/d/draupnir/0.0.28-0.0.29/diff.md --exclude *.pyd
[2024-04-03 00:06:57] INFO root fetch - processPackages [draupnir]: Remove: archive file [/home/abi/fetcher/tmp/draupnir-0.0.28.tar.gz]
[2024-04-03 00:06:57] INFO root fetch - processPackages [draupnir]: Remove: archive file [/home/abi/fetcher/tmp/draupnir-0.0.29.tar.gz]
[2024-04-03 00:06:57] INFO root fetch - main [MainThread]: End processing [draupnir]: success
[2024-04-03 00:06:57] INFO root fetch - main [MainThread]: Store serial: [22592403]
[2024-04-03 00:09:01] INFO root fetch - main [MainThread]: Get Changelog since Serial: [22592403]
[2024-04-03 00:09:06] INFO root fetch - main [MainThread]: Found 1 changed packages
[2024-04-03 00:09:06] INFO root fetch - processPackages [ThreadPoolExecutor-0_0]: Start processing: burr
[2024-04-03 00:09:06] INFO root fetch - processPackages [burr]: New version: [0.9.0] Old Version: [0.8.1]
[2024-04-03 00:09:06] INFO root fetch - processPackages [burr]: Downloading https://files.pythonhosted.org/packages/87/83/f7356070de16e070dbc68373d02f5b3677c417c21359630b2007a8b027df/burr-0.8.1.tar.gz
[2024-04-03 00:09:06] WARNING root fetch - processPackages [burr]: Timeout reached during download
[2024-04-03 00:09:06] INFO root fetch - processPackages [burr]: Downloading https://files.pythonhosted.org/packages/65/38/00b44d54c37f35813232167f5745ca37eac9ad13574e81e1f4e685acf5d5/burr-0.9.0.tar.gz
[2024-04-03 00:09:07] WARNING root fetch - processPackages [burr]: Timeout reached during download
[2024-04-03 00:09:07] INFO root fetch - processPackages [burr]: executing diffoscope
[2024-04-03 00:09:07] INFO root fetch - processPackages [burr]: podman run --user 0:0 --rm -w /home/abi/fetcher -v /home/abi/fetcher/tmp:/home/abi/fetcher/tmp:ro -v /home/abi/fetcher/20240403:/home/abi/fetcher/20240403:rw registry.salsa.debian.org/reproducible-builds/diffoscope --no-progress tmp/burr-0.8.1.tar.gz tmp/burr-0.9.0.tar.gz --markdown 20240403/b/burr/0.8.1-0.9.0/diff.md --exclude *.pyd
[2024-04-03 00:09:43] INFO root fetch - processPackages [burr]: Remove: archive file [/home/abi/fetcher/tmp/burr-0.8.1.tar.gz]
[2024-04-03 00:09:43] INFO root fetch - processPackages [burr]: Remove: archive file [/home/abi/fetcher/tmp/burr-0.9.0.tar.gz]
[2024-04-03 00:09:43] INFO root fetch - main [MainThread]: End processing [burr]: success
[2024-04-03 00:09:43] INFO root fetch - main [MainThread]: Store serial: [22592411]
